Finish: 2018/05/02 18:42:38:19 
Finish: 2018/05/02 18:42:43:62 
Finish: 2018/05/02 18:43:06:48 
******
Start: 2018/05/02 18:43:12.67
Finish: 2018/05/02 18:43:45:49 
Finish: 2018/05/02 18:43:45:49 
Finish: 2018/05/02 18:43:51:94 
Finish: 2018/05/02 18:43:51:94 
Finish: 2018/05/02 18:48:08:78 
Loading Total Minutes: 5 
Loading Total Seconds: 295.408 
******
Start: 2018/05/02 18:48:17.95
Finish: 2018/05/02 18:48:46:27 
Loading Total Seconds: 28.077 
Loading Total Minutes: 0 
Finish: 2018/05/02 18:48:58:54 
Loading Total Minutes: 1 
Loading Total Seconds: 40.104 
